#
# There is insufficient memory for the Java Runtime Environment to continue.
# Native memory allocation (malloc) failed to allocate 1048576 bytes for AllocateHeap
# Possible reasons:
#   The system is out of physical RAM or swap space
#   The process is running with CompressedOops enabled, and the Java Heap may be blocking the growth of the native heap
# Possible solutions:
#   Reduce memory load on the system
#   Increase physical memory or swap space
#   Check if swap backing store is full
#   Decrease Java heap size (-Xmx/-Xms)
#   Decrease number of Java threads
#   Decrease Java thread stack sizes (-Xss)
#   Set larger code cache with -XX:ReservedCodeCacheSize=
#   JVM is running with Unscaled Compressed Oops mode in which the Java heap is
#     placed in the first 4GB address space. The Java Heap base address is the
#     maximum limit for the native heap growth. Please use -XX:HeapBaseMinAddress
#     to set the Java Heap base and to place the Java Heap above 4GB virtual address.
# This output file may be truncated or incomplete.
#
#  Out of Memory Error (memory/allocation.inline.hpp:61), pid=20896, tid=0x00000000000006fc
#
# JRE version:  (8.0_201-b09) (build )
# Java VM: Java HotSpot(TM) 64-Bit Server VM (25.201-b09 mixed mode windows-amd64 compressed oops)
# Failed to write core dump. Minidumps are not enabled by default on client versions of Windows
#

---------------  T H R E A D  ---------------

Current thread (0x00000000032b2800):  JavaThread "Unknown thread" [_thread_in_vm, id=1788, stack(0x00000000031b0000,0x00000000032b0000)]

Stack: [0x00000000031b0000,0x00000000032b0000]
[error occurred during error reporting (printing stack bounds), id 0xc0000005]

Native frames: (J=compiled Java code, j=interpreted, Vv=VM code, C=native code)


---------------  P R O C E S S  ---------------

Java Threads: ( => current thread )

Other Threads:

=>0x00000000032b2800 (exited) JavaThread "Unknown thread" [_thread_in_vm, id=1788, stack(0x00000000031b0000,0x00000000032b0000)]

VM state:not at safepoint (normal execution)

VM Mutex/Monitor currently owned by a thread: None

heap address: 0x00000000a2200000, size: 1502 MB, Compressed Oops mode: 32-bit
Narrow klass base: 0x0000000000000000, Narrow klass shift: 3
Compressed class space size: 1073741824 Address: 0x0000000100000000

Heap:
 PSYoungGen      total 28160K, used 491K [0x00000000e0b80000, 0x00000000e2a80000, 0x0000000100000000)
  eden space 24576K, 2% used [0x00000000e0b80000,0x00000000e0bfae20,0x00000000e2380000)
  from space 3584K, 0% used [0x00000000e2700000,0x00000000e2700000,0x00000000e2a80000)
  to   space 3584K, 0% used [0x00000000e2380000,0x00000000e2380000,0x00000000e2700000)
 ParOldGen       total 64512K, used 0K [0x00000000a2200000, 0x00000000a6100000, 0x00000000e0b80000)
  object space 64512K, 0% used [0x00000000a2200000,0x00000000a2200000,0x00000000a6100000)
 Metaspace       used 775K, capacity 4480K, committed 4480K, reserved 1056768K
  class space    used 76K, capacity 384K, committed 384K, reserved 1048576K

Card table byte_map: [0x0000000012770000,0x0000000012a60000] byte_map_base: 0x000000001225f000

Marking Bits: (ParMarkBitMap*) 0x0000000074ac4ce0
 Begin Bits: [0x0000000013660000, 0x0000000014dd8000)
 End Bits:   [0x0000000014dd8000, 0x0000000016550000)

Polling page: 0x0000000001770000

CodeCache: size=245760Kb used=327Kb max_used=327Kb free=245432Kb
 bounds [0x00000000033b0000, 0x0000000003620000, 0x00000000123b0000]
 total_blobs=57 nmethods=0 adapters=38
 compilation: enabled

Compilation events (0 events):
No events

GC Heap History (0 events):
No events

Deoptimization events (0 events):
No events

Classes redefined (0 events):
No events

Internal exceptions (0 events):
No events

Events (10 events):
Event: 0.181 loading class java/lang/Short
Event: 0.181 loading class java/lang/Short done
Event: 0.181 loading class java/lang/Integer
Event: 0.182 loading class java/lang/Integer done
Event: 0.182 loading class java/lang/Long
Event: 0.183 loading class java/lang/Long done
Event: 0.185 loading class java/lang/NullPointerException
Event: 0.185 loading class java/lang/NullPointerException done
Event: 0.185 loading class java/lang/ArithmeticException
Event: 0.185 loading class java/lang/ArithmeticException done


Dynamic libraries:
0x00007ff713b50000 - 0x00007ff713b87000 	C:\Program Files\Java\jdk1.8.0_201\bin\java.exe
0x00007ffeaf990000 - 0x00007ffeafba7000 	C:\WINDOWS\SYSTEM32\ntdll.dll
0x00007ffe71e60000 - 0x00007ffe71e79000 	C:\Program Files\Avast Software\Avast\aswhook.dll
0x00007ffeae210000 - 0x00007ffeae2d4000 	C:\WINDOWS\System32\KERNEL32.DLL
0x00007ffeaccc0000 - 0x00007ffead06c000 	C:\WINDOWS\System32\KERNELBASE.dll
0x00007ffead6d0000 - 0x00007ffead782000 	C:\WINDOWS\System32\ADVAPI32.dll
0x00007ffeae090000 - 0x00007ffeae137000 	C:\WINDOWS\System32\msvcrt.dll
0x00007ffead790000 - 0x00007ffead83a000 	C:\WINDOWS\System32\sechost.dll
0x00007ffead350000 - 0x00007ffead378000 	C:\WINDOWS\System32\bcrypt.dll
0x00007ffeaeb40000 - 0x00007ffeaec55000 	C:\WINDOWS\System32\RPCRT4.dll
0x00007ffeadd40000 - 0x00007ffeadeee000 	C:\WINDOWS\System32\USER32.dll
0x00007ffead2b0000 - 0x00007ffead2d6000 	C:\WINDOWS\System32\win32u.dll
0x00007ffead8f0000 - 0x00007ffead919000 	C:\WINDOWS\System32\GDI32.dll
0x00007ffead190000 - 0x00007ffead2a9000 	C:\WINDOWS\System32\gdi32full.dll
0x00007ffead4f0000 - 0x00007ffead58a000 	C:\WINDOWS\System32\msvcp_win.dll
0x00007ffead070000 - 0x00007ffead181000 	C:\WINDOWS\System32\ucrtbase.dll
0x00007ffe8a0b0000 - 0x00007ffe8a343000 	C:\WINDOWS\WinSxS\amd64_microsoft.windows.common-controls_6595b64144ccf1df_6.0.22621.3672_none_2713b9d173822955\COMCTL32.dll
0x00007ffeae140000 - 0x00007ffeae171000 	C:\WINDOWS\System32\IMM32.DLL
0x0000000074b50000 - 0x0000000074c21000 	C:\Program Files\Java\jdk1.8.0_201\jre\bin\msvcr100.dll
0x00000000742a0000 - 0x0000000074b44000 	C:\Program Files\Java\jdk1.8.0_201\jre\bin\server\jvm.dll
0x00007ffeaf2f0000 - 0x00007ffeaf2f8000 	C:\WINDOWS\System32\PSAPI.DLL
0x00007ffea8410000 - 0x00007ffea8444000 	C:\WINDOWS\SYSTEM32\WINMM.dll
0x00007ffe9d0d0000 - 0x00007ffe9d0d9000 	C:\WINDOWS\SYSTEM32\WSOCK32.dll
0x00007ffea4eb0000 - 0x00007ffea4eba000 	C:\WINDOWS\SYSTEM32\VERSION.dll
0x00007ffeadef0000 - 0x00007ffeadf61000 	C:\WINDOWS\System32\WS2_32.dll
0x00007ffea6780000 - 0x00007ffea678f000 	C:\Program Files\Java\jdk1.8.0_201\jre\bin\verify.dll
0x00007ffea6820000 - 0x00007ffea6849000 	C:\Program Files\Java\jdk1.8.0_201\jre\bin\java.dll
0x00007ffea6800000 - 0x00007ffea6816000 	C:\Program Files\Java\jdk1.8.0_201\jre\bin\zip.dll

VM Arguments:
jvm_args: -Dfile.encoding=utf8 
java_command: c:\Users\Shabnam\.vscode\extensions\vscjava.vscode-gradle-3.14.1\lib\gradle-language-server.jar
java_class_path (initial): c:\Users\Shabnam\.vscode\extensions\vscjava.vscode-gradle-3.14.1\lib\gradle-language-server.jar
Launcher Type: SUN_STANDARD

Environment Variables:
JAVA_HOME=C:\Program Files\Java\jdk1.8.0_201
PATH=C:\Program Files (x86)\Common Files\Oracle\Java\javapath;C:\Program Files\Python312\Scripts\;C:\Program Files\Python312\;C:\Program Files (x86)\TRICENTIS\Tosca Testsuite\ToscaCommander;;C:\Program Files (x86)\TRICENTIS\Tosca Testsuite\Classic;C:\Program Files (x86)\TRICENTIS\Tosca Testsuite\Classic\dll;C:\Program Files (x86)\TRICENTIS\Tosca Testsuite\Classic\dll\GuptaEngine;C:\Program Files (x86)\TRICENTIS\Tosca Testsuite\ToscaCommander;C:\Program Files (x86)\TRICENTIS\Tosca Testsuite\Classic\dll\DelphiEngine;C:\Program Files (x86)\TRICENTIS\Tosca Testsuite\Classic\dll\PBEngine;C:\Program Files (x86)\TRICENTIS\Tosca Testsuite\Classic\dll\VBEngine;C:\Program Files (x86)\TRICENTIS\Tosca Testsuite\Classic\dll\DotNetHooking;;C:\WINDOWS\system32;C:\WINDOWS;C:\WINDOWS\System32\Wbem;C:\WINDOWS\System32\WindowsPowerShell\v1.0\;C:\WINDOWS\System32\OpenSSH\;C:\Program Files\nodejs\;C:\Program Files\java\jdk-21\bin;C:\Program Files\Git\cmd;C:\Program Files\PostgreSQL\15\bin;C:\Users\Shabnam\AppData\Local\Microsoft\WindowsApps;C:\Users\Shabnam\AppData\Local\Programs\Microsoft VS Code\bin;C:\Users\Shabnam\AppData\Roaming\npm;C:\Users\Shabnam\flutter_windows_3.22.2-stable\flutter\bin;C:\Users\Shabnam\AppData\Local\Android\Sdk\platform-tools;C:\libs;C:\Program Files\PostgreSQL\15\bin;
USERNAME=Shabnam
OS=Windows_NT
PROCESSOR_IDENTIFIER=AMD64 Family 23 Model 104 Stepping 1, AuthenticAMD



---------------  S Y S T E M  ---------------

OS: Windows 10.0 , 64 bit Build 22621 (10.0.22621.3672)

CPU:total 12 (initial active 12) (12 cores per cpu, 1 threads per core) family 23 model 104 stepping 1, cmov, cx8, fxsr, mmx, sse, sse2, sse3, ssse3, sse4.1, sse4.2, popcnt, avx, avx2, aes, clmul, mmxext, 3dnowpref, lzcnt, sse4a, tsc, tscinvbit, tscinv, bmi1

Memory: 4k page, physical 6149880k(250728k free), swap 25024248k(6948k free)

vm_info: Java HotSpot(TM) 64-Bit Server VM (25.201-b09) for windows-amd64 JRE (1.8.0_201-b09), built on Dec 15 2018 18:36:39 by "java_re" with MS VC++ 10.0 (VS2010)

time: Sun Jul 07 10:46:36 2024
timezone: India Standard Time
elapsed time: 0 seconds (0d 0h 0m 0s)

